C:\UNZIP\MINGW\STOCKFISH-MASTER\PRIMITIVO\PRIMITIVO\PRIMITIVO\DEBUG\MOVEGEN.OBJ
C:\UNZIP\MINGW\STOCKFISH-MASTER\PRIMITIVO\PRIMITIVO\PRIMITIVO\DEBUG\PRIMITIVO.OBJ
C:\UNZIP\MINGW\STOCKFISH-MASTER\PRIMITIVO\PRIMITIVO\PRIMITIVO\DEBUG\VC110.PDB
C:\UNZIP\MINGW\STOCKFISH-MASTER\PRIMITIVO\PRIMITIVO\PRIMITIVO\DEBUG\XXHASH.OBJ
C:\UNZIP\MINGW\STOCKFISH-MASTER\PRIMITIVO\PRIMITIVO\DEBUG\PRIMITIVO.ILK
C:\UNZIP\MINGW\STOCKFISH-MASTER\PRIMITIVO\PRIMITIVO\DEBUG\PRIMITIVO.EXE
C:\UNZIP\MINGW\STOCKFISH-MASTER\PRIMITIVO\PRIMITIVO\DEBUG\PRIMITIVO.PDB
C:\Unzip\MinGW\Stockfish-master\primitivo\primitivo\primitivo\Debug\movegen.obj
C:\Unzip\MinGW\Stockfish-master\primitivo\primitivo\primitivo\Debug\primitivo.obj
C:\Unzip\MinGW\Stockfish-master\primitivo\primitivo\primitivo\Debug\xxhash.obj
C:\Unzip\MinGW\Stockfish-master\primitivo\primitivo\primitivo\Debug\cl.command.1.tlog
C:\Unzip\MinGW\Stockfish-master\primitivo\primitivo\primitivo\Debug\CL.read.1.tlog
C:\Unzip\MinGW\Stockfish-master\primitivo\primitivo\primitivo\Debug\CL.write.1.tlog
C:\Unzip\MinGW\Stockfish-master\primitivo\primitivo\primitivo\Debug\link-cvtres.read.1.tlog
C:\Unzip\MinGW\Stockfish-master\primitivo\primitivo\primitivo\Debug\link-cvtres.write.1.tlog
C:\Unzip\MinGW\Stockfish-master\primitivo\primitivo\primitivo\Debug\link-rc.read.1.tlog
C:\Unzip\MinGW\Stockfish-master\primitivo\primitivo\primitivo\Debug\link-rc.write.1.tlog
C:\Unzip\MinGW\Stockfish-master\primitivo\primitivo\primitivo\Debug\link.1644-cvtres.read.1.tlog
C:\Unzip\MinGW\Stockfish-master\primitivo\primitivo\primitivo\Debug\link.1644-cvtres.write.1.tlog
C:\Unzip\MinGW\Stockfish-master\primitivo\primitivo\primitivo\Debug\link.1644-rc.read.1.tlog
C:\Unzip\MinGW\Stockfish-master\primitivo\primitivo\primitivo\Debug\link.1644-rc.write.1.tlog
C:\Unzip\MinGW\Stockfish-master\primitivo\primitivo\primitivo\Debug\link.1644.read.1.tlog
C:\Unzip\MinGW\Stockfish-master\primitivo\primitivo\primitivo\Debug\link.1644.write.1.tlog
C:\Unzip\MinGW\Stockfish-master\primitivo\primitivo\primitivo\Debug\link.2384-cvtres.read.1.tlog
C:\Unzip\MinGW\Stockfish-master\primitivo\primitivo\primitivo\Debug\link.2384-cvtres.write.1.tlog
C:\Unzip\MinGW\Stockfish-master\primitivo\primitivo\primitivo\Debug\link.2384-rc.read.1.tlog
C:\Unzip\MinGW\Stockfish-master\primitivo\primitivo\primitivo\Debug\link.2384-rc.write.1.tlog
C:\Unzip\MinGW\Stockfish-master\primitivo\primitivo\primitivo\Debug\link.2384.read.1.tlog
C:\Unzip\MinGW\Stockfish-master\primitivo\primitivo\primitivo\Debug\link.2384.write.1.tlog
C:\Unzip\MinGW\Stockfish-master\primitivo\primitivo\primitivo\Debug\link.3892-cvtres.read.1.tlog
C:\Unzip\MinGW\Stockfish-master\primitivo\primitivo\primitivo\Debug\link.3892-cvtres.write.1.tlog
C:\Unzip\MinGW\Stockfish-master\primitivo\primitivo\primitivo\Debug\link.3892-rc.read.1.tlog
C:\Unzip\MinGW\Stockfish-master\primitivo\primitivo\primitivo\Debug\link.3892-rc.write.1.tlog
C:\Unzip\MinGW\Stockfish-master\primitivo\primitivo\primitivo\Debug\link.3892.read.1.tlog
C:\Unzip\MinGW\Stockfish-master\primitivo\primitivo\primitivo\Debug\link.3892.write.1.tlog
C:\Unzip\MinGW\Stockfish-master\primitivo\primitivo\primitivo\Debug\link.4260-cvtres.read.1.tlog
C:\Unzip\MinGW\Stockfish-master\primitivo\primitivo\primitivo\Debug\link.4260-cvtres.write.1.tlog
C:\Unzip\MinGW\Stockfish-master\primitivo\primitivo\primitivo\Debug\link.4260-rc.read.1.tlog
C:\Unzip\MinGW\Stockfish-master\primitivo\primitivo\primitivo\Debug\link.4260-rc.write.1.tlog
C:\Unzip\MinGW\Stockfish-master\primitivo\primitivo\primitivo\Debug\link.4260.read.1.tlog
C:\Unzip\MinGW\Stockfish-master\primitivo\primitivo\primitivo\Debug\link.4260.write.1.tlog
C:\Unzip\MinGW\Stockfish-master\primitivo\primitivo\primitivo\Debug\link.5752-cvtres.read.1.tlog
C:\Unzip\MinGW\Stockfish-master\primitivo\primitivo\primitivo\Debug\link.5752-cvtres.write.1.tlog
C:\Unzip\MinGW\Stockfish-master\primitivo\primitivo\primitivo\Debug\link.5752-rc.read.1.tlog
C:\Unzip\MinGW\Stockfish-master\primitivo\primitivo\primitivo\Debug\link.5752-rc.write.1.tlog
C:\Unzip\MinGW\Stockfish-master\primitivo\primitivo\primitivo\Debug\link.5752.read.1.tlog
C:\Unzip\MinGW\Stockfish-master\primitivo\primitivo\primitivo\Debug\link.5752.write.1.tlog
C:\Unzip\MinGW\Stockfish-master\primitivo\primitivo\primitivo\Debug\link.command.1.tlog
C:\Unzip\MinGW\Stockfish-master\primitivo\primitivo\primitivo\Debug\link.read.1.tlog
C:\Unzip\MinGW\Stockfish-master\primitivo\primitivo\primitivo\Debug\link.write.1.tlog
C:\Unzip\MinGW\Stockfish-master\primitivo\primitivo\primitivo\Debug\vc110.idb
C:\Unzip\MinGW\Stockfish-master\primitivo\primitivo\primitivo\Debug\vc110.pdb
C:\Unzip\MinGW\Stockfish-master\primitivo\primitivo\Debug\primitivo.pdb
C:\Unzip\MinGW\Stockfish-master\primitivo\primitivo\Debug\primitivo.exe
C:\Unzip\MinGW\Stockfish-master\primitivo\primitivo\Debug\primitivo.ilk
