C:\UNZIP\MINGW\STOCKFISH-MASTER\PRIMITIVO\PRIMITIVO\PRIMITIVO\RELEASE\XXHASH.OBJ
C:\UNZIP\MINGW\STOCKFISH-MASTER\PRIMITIVO\PRIMITIVO\PRIMITIVO\RELEASE\VC110.PDB
C:\UNZIP\MINGW\STOCKFISH-MASTER\PRIMITIVO\PRIMITIVO\PRIMITIVO\RELEASE\PRIMITIVO.OBJ
C:\UNZIP\MINGW\STOCKFISH-MASTER\PRIMITIVO\PRIMITIVO\PRIMITIVO\RELEASE\MOVEGEN.OBJ
C:\UNZIP\MINGW\STOCKFISH-MASTER\PRIMITIVO\PRIMITIVO\RELEASE\PRIMITIVO.EXE
C:\UNZIP\MINGW\STOCKFISH-MASTER\PRIMITIVO\PRIMITIVO\RELEASE\PRIMITIVO.PDB
C:\Unzip\MinGW\Stockfish-master\primitivo\primitivo\primitivo\Release\movegen.obj
C:\Unzip\MinGW\Stockfish-master\primitivo\primitivo\primitivo\Release\primitivo.obj
C:\Unzip\MinGW\Stockfish-master\primitivo\primitivo\primitivo\Release\xxhash.obj
C:\Unzip\MinGW\Stockfish-master\primitivo\primitivo\primitivo\Release\cl.command.1.tlog
C:\Unzip\MinGW\Stockfish-master\primitivo\primitivo\primitivo\Release\CL.read.1.tlog
C:\Unzip\MinGW\Stockfish-master\primitivo\primitivo\primitivo\Release\CL.write.1.tlog
C:\Unzip\MinGW\Stockfish-master\primitivo\primitivo\primitivo\Release\link-cvtres.read.1.tlog
C:\Unzip\MinGW\Stockfish-master\primitivo\primitivo\primitivo\Release\link-cvtres.write.1.tlog
C:\Unzip\MinGW\Stockfish-master\primitivo\primitivo\primitivo\Release\link-rc.read.1.tlog
C:\Unzip\MinGW\Stockfish-master\primitivo\primitivo\primitivo\Release\link-rc.write.1.tlog
C:\Unzip\MinGW\Stockfish-master\primitivo\primitivo\primitivo\Release\link.command.1.tlog
C:\Unzip\MinGW\Stockfish-master\primitivo\primitivo\primitivo\Release\link.read.1.tlog
C:\Unzip\MinGW\Stockfish-master\primitivo\primitivo\primitivo\Release\link.read.4.tlog
C:\Unzip\MinGW\Stockfish-master\primitivo\primitivo\primitivo\Release\link.write.1.tlog
C:\Unzip\MinGW\Stockfish-master\primitivo\primitivo\primitivo\Release\vc110.pdb
C:\Unzip\MinGW\Stockfish-master\primitivo\primitivo\Release\primitivo.pdb
C:\Unzip\MinGW\Stockfish-master\primitivo\primitivo\Release\primitivo.exe
